Added Net: Name=+3.3V
Added Net: Name=+12V
Added Net: Name=+36V
Added Net: Name=ADC_IN5
Added Net: Name=BOOT0
Added Net: Name=ENABLE
Added Net: Name=HALL1
Added Net: Name=HALL2
Added Net: Name=HALL3
Added Net: Name=NetDA1_1
Added Net: Name=NetDA1_2
Added Net: Name=NetDA1_3
Added Net: Name=NetDA1_5
Added Net: Name=NetDA1_6
Added Net: Name=NetDA1_7
Added Net: Name=NetDA2_1
Added Net: Name=NetDA2_3
Added Net: Name=NetDA2_4
Added Net: Name=NetDA2_5
Added Net: Name=NetDA2_6
Added Net: Name=NetDA2_8
Added Net: Name=NetDA3_11
Added Net: Name=NetDA3_13
Added Net: Name=NetDA3_14
Added Net: Name=NetDA3_15
Added Net: Name=NetDA3_16
Added Net: Name=NetDA3_18
Added Net: Name=NetDA3_19
Added Net: Name=NetDA3_20
Added Net: Name=NetDA3_22
Added Net: Name=NetDA3_23
Added Net: Name=NetDA3_24
Added Net: Name=NetDA3_26
Added Net: Name=NetDA3_27
Added Net: Name=NetDA3_28
Added Net: Name=NetDA4_1
Added Net: Name=NetDA4_3
Added Net: Name=NetR6
Added Net: Name=NetR13
Added Net: Name=NetR14
Added Net: Name=NetR15
Added Net: Name=NetR16
Added Net: Name=NetR17
Added Net: Name=NetR18
Added Net: Name=NRST
Added Net: Name=SYS_SWCLK
Added Net: Name=SYS_SWDIO
Added Net: Name=TIM1_BKIN
Added Net: Name=TIM1_CH1N
Added Net: Name=TIM1_CH1
Added Net: Name=TIM1_CH2N
Added Net: Name=TIM1_CH2
Added Net: Name=TIM1_CH3N
Added Net: Name=TIM1_CH3
Added Net: Name=USART1_RX
Added Net: Name=USART1_TX
Added Class: Name=Principial_scheme
Added Room: Name=Principial_scheme
