Added Pin To Net: NetName=GND Pin=DA1-4
Added Pin To Net: NetName=GND Pin=DA2-7
Added Pin To Net: NetName=GND Pin=DA3-9
Added Pin To Net: NetName=GND Pin=DA3-12
Added Pin To Net: NetName=GND Pin=DA3-17
Added Pin To Net: NetName=GND Pin=DA3-21
Added Pin To Net: NetName=GND Pin=DA3-25
Added Pin To Net: NetName=GND Pin=DA4-5
Added Pin To Net: NetName=GND Pin=DD1-2
Added Pin To Net: NetName=GND Pin=DD1-3
Added Pin To Net: NetName=GND Pin=DD1-6
Added Pin To Net: NetName=GND Pin=DD1-7
Added Pin To Net: NetName=GND Pin=DD1-10
Added Pin To Net: NetName=GND Pin=DD1-16
Added Pin To Net: NetName=GND Pin=DD1-22
Added Pin To Net: NetName=GND Pin=DD1-25
Added Pin To Net: NetName=GND Pin=DD1-26
Added Pin To Net: NetName=GND Pin=DD1-30
Added Pin To Net: NetName=GND Pin=DD1-32
Added Pin To Net: NetName=GND Pin=R3-2
Added Pin To Net: NetName=GND Pin=R4-2
Added Pin To Net: NetName=GND Pin=R5-2
Added Pin To Net: NetName=GND Pin=R8-2
Added Pin To Net: NetName=GND Pin=R9-2
Added Pin To Net: NetName=GND Pin=R10-2
Added Pin To Net: NetName=GND Pin=R19-2
Added Pin To Net: NetName=GND Pin=R20-1
Added Pin To Net: NetName=GND Pin=XP1-3
Added Pin To Net: NetName=GND Pin=XP2-3
Added Pin To Net: NetName=GND Pin=XP3-5
Added Pin To Net: NetName=GND Pin=XP5-2
Added Pin To Net: NetName=GND Pin=XT1-2
Added Pin To Net: NetName=GND Pin=Ñ1-2
Added Pin To Net: NetName=GND Pin=Ñ2-2
Added Pin To Net: NetName=GND Pin=Ñ3-2
Added Pin To Net: NetName=GND Pin=Ñ4-2
Added Pin To Net: NetName=GND Pin=Ñ5-1
Added Pin To Net: NetName=GND Pin=Ñ6-1
Added Pin To Net: NetName=GND Pin=Ñ9-2
Added Pin To Net: NetName=GND Pin=Ñ10-1
Added Pin To Net: NetName=GND Pin=Ñ11-2
Added Pin To Net: NetName=GND Pin=Ñ13-2
Added Pin To Net: NetName=GND Pin=Ñ14-2
Added Pin To Net: NetName=GND Pin=Ñ15--
Added Pin To Net: NetName=GND Pin=Ñ16-1
Added Pin To Net: NetName=GND Pin=Ñ17-2
Added Pin To Net: NetName=GND Pin=Ñ18--
