Replace Part DA* OPAMP in C:\Users\Господин\OneDrive\Курсовой_электроника\Driver\Principial_scheme.SchDoc with OPAMP from GOST.SchLib
Replace Part DA* DC-DC36-12 in C:\Users\Господин\OneDrive\Курсовой_электроника\Driver\Principial_scheme.SchDoc with DC-DC36-12 from GOST.SchLib
Replace Part DA* DC-DC36-3.3 in C:\Users\Господин\OneDrive\Курсовой_электроника\Driver\Principial_scheme.SchDoc with DC-DC36-3.3 from GOST.SchLib
Replace Part DA* DRIVER in C:\Users\Господин\OneDrive\Курсовой_электроника\Driver\Principial_scheme.SchDoc with DRIVER from GOST.SchLib
Replace Part DD* MCU in C:\Users\Господин\OneDrive\Курсовой_электроника\Driver\Principial_scheme.SchDoc with MCU from GOST.SchLib
Replace Part L* IND3 in C:\Users\Господин\OneDrive\Курсовой_электроника\Driver\Principial_scheme.SchDoc with IND3 from GOST.SchLib
Replace Part R* RES0402 in C:\Users\Господин\OneDrive\Курсовой_электроника\Driver\Principial_scheme.SchDoc with RES0402 from GOST.SchLib
Replace Part R* RES0402 in C:\Users\Господин\OneDrive\Курсовой_электроника\Driver\Principial_scheme.SchDoc with RES0402 from GOST.SchLib
Replace Part R* RES0603 in C:\Users\Господин\OneDrive\Курсовой_электроника\Driver\Principial_scheme.SchDoc with RES0603 from GOST.SchLib
Replace Part R* RES0402 in C:\Users\Господин\OneDrive\Курсовой_электроника\Driver\Principial_scheme.SchDoc with RES0402 from GOST.SchLib
Replace Part R* RES0402 in C:\Users\Господин\OneDrive\Курсовой_электроника\Driver\Principial_scheme.SchDoc with RES0402 from GOST.SchLib
Replace Part R* RES0402 in C:\Users\Господин\OneDrive\Курсовой_электроника\Driver\Principial_scheme.SchDoc with RES0402 from GOST.SchLib
Replace Part R* RES2512 in C:\Users\Господин\OneDrive\Курсовой_электроника\Driver\Principial_scheme.SchDoc with RES2512 from GOST.SchLib
Replace Part R* RES2512 in C:\Users\Господин\OneDrive\Курсовой_электроника\Driver\Principial_scheme.SchDoc with RES2512 from GOST.SchLib
Replace Part R* RES2512 in C:\Users\Господин\OneDrive\Курсовой_электроника\Driver\Principial_scheme.SchDoc with RES2512 from GOST.SchLib
Replace Part R* RES2512 in C:\Users\Господин\OneDrive\Курсовой_электроника\Driver\Principial_scheme.SchDoc with RES2512 from GOST.SchLib
Replace Part R* RES2512 in C:\Users\Господин\OneDrive\Курсовой_электроника\Driver\Principial_scheme.SchDoc with RES2512 from GOST.SchLib
Replace Part R* RES2512 in C:\Users\Господин\OneDrive\Курсовой_электроника\Driver\Principial_scheme.SchDoc with RES2512 from GOST.SchLib
Replace Part R* RES2512 in C:\Users\Господин\OneDrive\Курсовой_электроника\Driver\Principial_scheme.SchDoc with RES2512 from GOST.SchLib
Replace Part R* RES0402 in C:\Users\Господин\OneDrive\Курсовой_электроника\Driver\Principial_scheme.SchDoc with RES0402 from GOST.SchLib
Replace Part R* RES0402 in C:\Users\Господин\OneDrive\Курсовой_электроника\Driver\Principial_scheme.SchDoc with RES0402 from GOST.SchLib
Replace Part R* RES0402 in C:\Users\Господин\OneDrive\Курсовой_электроника\Driver\Principial_scheme.SchDoc with RES0402 from GOST.SchLib
Replace Part VD* DIODE in C:\Users\Господин\OneDrive\Курсовой_электроника\Driver\Principial_scheme.SchDoc with DIODE from GOST.SchLib
Replace Part VD* DIODE in C:\Users\Господин\OneDrive\Курсовой_электроника\Driver\Principial_scheme.SchDoc with DIODE from GOST.SchLib
Replace Part VD* DIODE in C:\Users\Господин\OneDrive\Курсовой_электроника\Driver\Principial_scheme.SchDoc with DIODE from GOST.SchLib
Replace Part VT* MOSFET in C:\Users\Господин\OneDrive\Курсовой_электроника\Driver\Principial_scheme.SchDoc with MOSFET from GOST.SchLib
Replace Part VT* MOSFET in C:\Users\Господин\OneDrive\Курсовой_электроника\Driver\Principial_scheme.SchDoc with MOSFET from GOST.SchLib
Replace Part VT* MOSFET in C:\Users\Господин\OneDrive\Курсовой_электроника\Driver\Principial_scheme.SchDoc with MOSFET from GOST.SchLib
Replace Part VT* MOSFET in C:\Users\Господин\OneDrive\Курсовой_электроника\Driver\Principial_scheme.SchDoc with MOSFET from GOST.SchLib
Replace Part VT* MOSFET in C:\Users\Господин\OneDrive\Курсовой_электроника\Driver\Principial_scheme.SchDoc with MOSFET from GOST.SchLib
Replace Part VT* MOSFET in C:\Users\Господин\OneDrive\Курсовой_электроника\Driver\Principial_scheme.SchDoc with MOSFET from GOST.SchLib
Replace Part XT* PHASE_CONNECTOR in C:\Users\Господин\OneDrive\Курсовой_электроника\Driver\Principial_scheme.SchDoc with PHASE_CONNECTOR from GOST.SchLib
Replace Part С* CAPD4 in C:\Users\Господин\OneDrive\Курсовой_электроника\Driver\Principial_scheme.SchDoc with CAPD4 from GOST.SchLib
Replace Part С* CAP0603 in C:\Users\Господин\OneDrive\Курсовой_электроника\Driver\Principial_scheme.SchDoc with CAP0603 from GOST.SchLib
Replace Part С* CAP0805 in C:\Users\Господин\OneDrive\Курсовой_электроника\Driver\Principial_scheme.SchDoc with CAP0805 from GOST.SchLib
Replace Part С* CAP0603 in C:\Users\Господин\OneDrive\Курсовой_электроника\Driver\Principial_scheme.SchDoc with CAP0603 from GOST.SchLib
Replace Part С* CAP1206 in C:\Users\Господин\OneDrive\Курсовой_электроника\Driver\Principial_scheme.SchDoc with CAP1206 from GOST.SchLib
Replace Part С* CAP0402 in C:\Users\Господин\OneDrive\Курсовой_электроника\Driver\Principial_scheme.SchDoc with CAP0402 from GOST.SchLib
Replace Part С* CAPD4 in C:\Users\Господин\OneDrive\Курсовой_электроника\Driver\Principial_scheme.SchDoc with CAPD4 from GOST.SchLib
Replace Part С* CAP0603 in C:\Users\Господин\OneDrive\Курсовой_электроника\Driver\Principial_scheme.SchDoc with CAP0603 from GOST.SchLib
Replace Part С* CAPD4 in C:\Users\Господин\OneDrive\Курсовой_электроника\Driver\Principial_scheme.SchDoc with CAPD4 from GOST.SchLib
Replace Part С* CAP0603 in C:\Users\Господин\OneDrive\Курсовой_электроника\Driver\Principial_scheme.SchDoc with CAP0603 from GOST.SchLib
Replace Part С* CAPD4 in C:\Users\Господин\OneDrive\Курсовой_электроника\Driver\Principial_scheme.SchDoc with CAPD4 from GOST.SchLib
Replace Part С* CAP0603 in C:\Users\Господин\OneDrive\Курсовой_электроника\Driver\Principial_scheme.SchDoc with CAP0603 from GOST.SchLib
Replace Part С* CAP0805 in C:\Users\Господин\OneDrive\Курсовой_электроника\Driver\Principial_scheme.SchDoc with CAP0805 from GOST.SchLib
