Change Component Designator: Old Designator=DA* New Designator=DA*?
Change Component Designator: Old Designator=DA* New Designator=DA*?
Change Component Designator: Old Designator=DA* New Designator=DA*?
Change Component Designator: Old Designator=DA* New Designator=DA*?
Change Component Designator: Old Designator=DD* New Designator=DD*?
Change Component Designator: Old Designator=L* New Designator=L*?
Change Component Designator: Old Designator=L* New Designator=L*?
Change Component Designator: Old Designator=R* New Designator=R*?
Change Component Designator: Old Designator=R* New Designator=R*?
Change Component Designator: Old Designator=R* New Designator=R*?
Change Component Designator: Old Designator=R* New Designator=R*?
Change Component Designator: Old Designator=R* New Designator=R*?
Change Component Designator: Old Designator=R* New Designator=R*?
Change Component Designator: Old Designator=R* New Designator=R*?
Change Component Designator: Old Designator=R* New Designator=R*?
Change Component Designator: Old Designator=R* New Designator=R*?
Change Component Designator: Old Designator=R* New Designator=R*?
Change Component Designator: Old Designator=R* New Designator=R*?
Change Component Designator: Old Designator=R* New Designator=R*?
Change Component Designator: Old Designator=R* New Designator=R*?
Change Component Designator: Old Designator=R* New Designator=R*?
Change Component Designator: Old Designator=R* New Designator=R*?
Change Component Designator: Old Designator=R* New Designator=R*?
Change Component Designator: Old Designator=R* New Designator=R*?
Change Component Designator: Old Designator=R* New Designator=R*?
Change Component Designator: Old Designator=R* New Designator=R*?
Change Component Designator: Old Designator=R* New Designator=R*?
Change Component Designator: Old Designator=R* New Designator=R*?
Change Component Designator: Old Designator=R* New Designator=R*?
Change Component Designator: Old Designator=VD* New Designator=VD*?
Change Component Designator: Old Designator=VD* New Designator=VD*?
Change Component Designator: Old Designator=VD* New Designator=VD*?
Change Component Designator: Old Designator=VT* New Designator=VT*?
Change Component Designator: Old Designator=VT* New Designator=VT*?
Change Component Designator: Old Designator=VT* New Designator=VT*?
Change Component Designator: Old Designator=VT* New Designator=VT*?
Change Component Designator: Old Designator=VT* New Designator=VT*?
Change Component Designator: Old Designator=VT* New Designator=VT*?
Change Component Designator: Old Designator=XP* New Designator=XP*?
Change Component Designator: Old Designator=XP* New Designator=XP*?
Change Component Designator: Old Designator=XP* New Designator=XP*?
Change Component Designator: Old Designator=XP* New Designator=XP*?
Change Component Designator: Old Designator=XT* New Designator=XT*?
Change Component Designator: Old Designator=XT* New Designator=XT*?
Change Component Designator: Old Designator=Ñ* New Designator=Ñ*?
Change Component Designator: Old Designator=Ñ* New Designator=Ñ*?
Change Component Designator: Old Designator=Ñ* New Designator=Ñ*?
Change Component Designator: Old Designator=Ñ* New Designator=Ñ*?
Change Component Designator: Old Designator=Ñ* New Designator=Ñ*?
Change Component Designator: Old Designator=Ñ* New Designator=Ñ*?
Change Component Designator: Old Designator=Ñ* New Designator=Ñ*?
Change Component Designator: Old Designator=Ñ* New Designator=Ñ*?
Change Component Designator: Old Designator=Ñ* New Designator=Ñ*?
Change Component Designator: Old Designator=Ñ* New Designator=Ñ*?
Change Component Designator: Old Designator=Ñ* New Designator=Ñ*?
Change Component Designator: Old Designator=Ñ* New Designator=Ñ*?
Change Component Designator: Old Designator=Ñ* New Designator=Ñ*?
Change Component Designator: Old Designator=Ñ* New Designator=Ñ*?
Change Component Designator: Old Designator=Ñ* New Designator=Ñ*?
Change Component Designator: Old Designator=Ñ* New Designator=Ñ*?
Change Component Designator: Old Designator=Ñ* New Designator=Ñ*?
Change Component Designator: Old Designator=Ñ* New Designator=Ñ*?
Change Component Designator: Old Designator=Ñ* New Designator=Ñ*?
Change Component Designator: Old Designator=Ñ* New Designator=Ñ*?
Change Component Designator: Old Designator=Ñ* New Designator=Ñ*?
Change Component Designator: Old Designator=Ñ* New Designator=Ñ*?
Change Component Designator: Old Designator=Ñ* New Designator=Ñ*?
Change Component Designator: Old Designator=Ñ* New Designator=Ñ*?
Change Component Designator: Old Designator=Ñ* New Designator=Ñ*?
