Change Component Designator: Old Designator=DA* New Designator=DA*1
Change Component Designator: Old Designator=DA* New Designator=DA*2
Change Component Designator: Old Designator=DA* New Designator=DA*3
Change Component Designator: Old Designator=DA* New Designator=DA*4
Change Component Designator: Old Designator=DD* New Designator=DD*1
Change Component Designator: Old Designator=L* New Designator=L*1
Change Component Designator: Old Designator=L* New Designator=L*2
Change Component Designator: Old Designator=R* New Designator=R*1
Change Component Designator: Old Designator=R* New Designator=R*2
Change Component Designator: Old Designator=R* New Designator=R*3
Change Component Designator: Old Designator=R* New Designator=R*4
Change Component Designator: Old Designator=R* New Designator=R*5
Change Component Designator: Old Designator=R* New Designator=R*6
Change Component Designator: Old Designator=R* New Designator=R*7
Change Component Designator: Old Designator=R* New Designator=R*8
Change Component Designator: Old Designator=R* New Designator=R*9
Change Component Designator: Old Designator=R* New Designator=R*10
Change Component Designator: Old Designator=R* New Designator=R*11
Change Component Designator: Old Designator=R* New Designator=R*12
Change Component Designator: Old Designator=R* New Designator=R*13
Change Component Designator: Old Designator=R* New Designator=R*14
Change Component Designator: Old Designator=R* New Designator=R*15
Change Component Designator: Old Designator=R* New Designator=R*16
Change Component Designator: Old Designator=R* New Designator=R*17
Change Component Designator: Old Designator=R* New Designator=R*18
Change Component Designator: Old Designator=R* New Designator=R*19
Change Component Designator: Old Designator=R* New Designator=R*20
Change Component Designator: Old Designator=R* New Designator=R*21
Change Component Designator: Old Designator=R* New Designator=R*22
Change Component Designator: Old Designator=VD* New Designator=VD*1
Change Component Designator: Old Designator=VD* New Designator=VD*2
Change Component Designator: Old Designator=VD* New Designator=VD*3
Change Component Designator: Old Designator=VT* New Designator=VT*1
Change Component Designator: Old Designator=VT* New Designator=VT*2
Change Component Designator: Old Designator=VT* New Designator=VT*3
Change Component Designator: Old Designator=VT* New Designator=VT*4
Change Component Designator: Old Designator=VT* New Designator=VT*5
Change Component Designator: Old Designator=VT* New Designator=VT*6
Change Component Designator: Old Designator=XP* New Designator=XP*1
Change Component Designator: Old Designator=XP* New Designator=XP*2
Change Component Designator: Old Designator=XP* New Designator=XP*3
Change Component Designator: Old Designator=XP* New Designator=XP*4
Change Component Designator: Old Designator=XT* New Designator=XT*1
Change Component Designator: Old Designator=XT* New Designator=XT*2
Change Component Designator: Old Designator=Ñ* New Designator=Ñ*1
Change Component Designator: Old Designator=Ñ* New Designator=Ñ*2
Change Component Designator: Old Designator=Ñ* New Designator=Ñ*3
Change Component Designator: Old Designator=Ñ* New Designator=Ñ*4
Change Component Designator: Old Designator=Ñ* New Designator=Ñ*5
Change Component Designator: Old Designator=Ñ* New Designator=Ñ*6
Change Component Designator: Old Designator=Ñ* New Designator=Ñ*7
Change Component Designator: Old Designator=Ñ* New Designator=Ñ*8
Change Component Designator: Old Designator=Ñ* New Designator=Ñ*9
Change Component Designator: Old Designator=Ñ* New Designator=Ñ*10
Change Component Designator: Old Designator=Ñ* New Designator=Ñ*11
Change Component Designator: Old Designator=Ñ* New Designator=Ñ*12
Change Component Designator: Old Designator=Ñ* New Designator=Ñ*13
Change Component Designator: Old Designator=Ñ* New Designator=Ñ*14
Change Component Designator: Old Designator=Ñ* New Designator=Ñ*15
Change Component Designator: Old Designator=Ñ* New Designator=Ñ*16
Change Component Designator: Old Designator=Ñ* New Designator=Ñ*17
Change Component Designator: Old Designator=Ñ* New Designator=Ñ*18
Change Component Designator: Old Designator=Ñ* New Designator=Ñ*19
Change Component Designator: Old Designator=Ñ* New Designator=Ñ*20
Change Component Designator: Old Designator=Ñ* New Designator=Ñ*21
Change Component Designator: Old Designator=Ñ* New Designator=Ñ*22
Change Component Designator: Old Designator=Ñ* New Designator=Ñ*23
Change Component Designator: Old Designator=Ñ* New Designator=Ñ*24
Change Component Designator: Old Designator=Ñ* New Designator=Ñ*25
