Change Component Designator: Old Designator=DA2 New Designator=DA3
Change Component Designator: Old Designator=DA3 New Designator=DA4
Change Component Designator: Old Designator=DA4 New Designator=DA2
Change Component Designator: Old Designator=R1 New Designator=R8
Change Component Designator: Old Designator=R2 New Designator=R1
Change Component Designator: Old Designator=R3 New Designator=R5
Change Component Designator: Old Designator=R4 New Designator=R7
Change Component Designator: Old Designator=R5 New Designator=R16
Change Component Designator: Old Designator=R6 New Designator=R17
Change Component Designator: Old Designator=R7 New Designator=R18
Change Component Designator: Old Designator=R8 New Designator=R12
Change Component Designator: Old Designator=R9 New Designator=R13
Change Component Designator: Old Designator=R10 New Designator=R14
Change Component Designator: Old Designator=R11 New Designator=R15
Change Component Designator: Old Designator=R12 New Designator=R19
Change Component Designator: Old Designator=R13 New Designator=R22
Change Component Designator: Old Designator=R14 New Designator=R9
Change Component Designator: Old Designator=R15 New Designator=R20
Change Component Designator: Old Designator=R16 New Designator=R21
Change Component Designator: Old Designator=R17 New Designator=R2
Change Component Designator: Old Designator=R18 New Designator=R11
Change Component Designator: Old Designator=R19 New Designator=R3
Change Component Designator: Old Designator=R20 New Designator=R4
Change Component Designator: Old Designator=R21 New Designator=R6
Change Component Designator: Old Designator=R22 New Designator=R10
Change Component Designator: Old Designator=VT2 New Designator=VT3
Change Component Designator: Old Designator=VT3 New Designator=VT5
Change Component Designator: Old Designator=VT4 New Designator=VT2
Change Component Designator: Old Designator=VT5 New Designator=VT4
Change Component Designator: Old Designator=XP1 New Designator=XP4
Change Component Designator: Old Designator=XP2 New Designator=XP3
Change Component Designator: Old Designator=XP3 New Designator=XP5
Change Component Designator: Old Designator=XP4 New Designator=XP1
Change Component Designator: Old Designator=XP5 New Designator=XP2
Change Component Designator: Old Designator=XT1 New Designator=XT2
Change Component Designator: Old Designator=XT2 New Designator=XT1
Change Component Designator: Old Designator=Ñ2 New Designator=Ñ3
Change Component Designator: Old Designator=Ñ3 New Designator=Ñ8
Change Component Designator: Old Designator=Ñ4 New Designator=Ñ12
Change Component Designator: Old Designator=Ñ5 New Designator=Ñ22
Change Component Designator: Old Designator=Ñ6 New Designator=Ñ19
Change Component Designator: Old Designator=Ñ7 New Designator=Ñ4
Change Component Designator: Old Designator=Ñ8 New Designator=Ñ15
Change Component Designator: Old Designator=Ñ9 New Designator=Ñ14
Change Component Designator: Old Designator=Ñ10 New Designator=Ñ23
Change Component Designator: Old Designator=Ñ11 New Designator=Ñ20
Change Component Designator: Old Designator=Ñ12 New Designator=Ñ24
Change Component Designator: Old Designator=Ñ13 New Designator=Ñ21
Change Component Designator: Old Designator=Ñ14 New Designator=Ñ16
Change Component Designator: Old Designator=Ñ15 New Designator=Ñ9
Change Component Designator: Old Designator=Ñ16 New Designator=Ñ25
Change Component Designator: Old Designator=Ñ17 New Designator=Ñ5
Change Component Designator: Old Designator=Ñ18 New Designator=Ñ6
Change Component Designator: Old Designator=Ñ19 New Designator=Ñ10
Change Component Designator: Old Designator=Ñ20 New Designator=Ñ7
Change Component Designator: Old Designator=Ñ21 New Designator=Ñ2
Change Component Designator: Old Designator=Ñ22 New Designator=Ñ18
Change Component Designator: Old Designator=Ñ23 New Designator=Ñ17
Change Component Designator: Old Designator=Ñ24 New Designator=Ñ13
Change Component Designator: Old Designator=Ñ25 New Designator=Ñ11
