Replace Symbol from DA1 DC-DC36-3.3 in C:\Users\Господин\OneDrive\Курсовой_электроника\Driver\Principial_scheme.SchDoc with DC-DC36-3.3 from GOST.SchLib
Replace Symbol from DA2 DC-DC36-12 in C:\Users\Господин\OneDrive\Курсовой_электроника\Driver\Principial_scheme.SchDoc with DC-DC36-12 from GOST.SchLib
Replace Symbol from DA3 DRIVER in C:\Users\Господин\OneDrive\Курсовой_электроника\Driver\Principial_scheme.SchDoc with DRIVER from GOST.SchLib
Replace Symbol from DA4 OPAMP in C:\Users\Господин\OneDrive\Курсовой_электроника\Driver\Principial_scheme.SchDoc with OPAMP from GOST.SchLib
Replace Symbol from DD1 MCU in C:\Users\Господин\OneDrive\Курсовой_электроника\Driver\Principial_scheme.SchDoc with MCU from GOST.SchLib
Replace Symbol from L1 IND6X6 in C:\Users\Господин\OneDrive\Курсовой_электроника\Driver\Principial_scheme.SchDoc with IND6X6 from GOST.SchLib
Replace Symbol from L2 IND3 in C:\Users\Господин\OneDrive\Курсовой_электроника\Driver\Principial_scheme.SchDoc with IND3 from GOST.SchLib
Replace Symbol from R1 RES0402 in C:\Users\Господин\OneDrive\Курсовой_электроника\Driver\Principial_scheme.SchDoc with RES0402 from GOST.SchLib
Replace Symbol from R2 RES0402 in C:\Users\Господин\OneDrive\Курсовой_электроника\Driver\Principial_scheme.SchDoc with RES0402 from GOST.SchLib
Replace Symbol from R3 RES0402 in C:\Users\Господин\OneDrive\Курсовой_электроника\Driver\Principial_scheme.SchDoc with RES0402 from GOST.SchLib
Replace Symbol from R4 RES0402 in C:\Users\Господин\OneDrive\Курсовой_электроника\Driver\Principial_scheme.SchDoc with RES0402 from GOST.SchLib
Replace Symbol from R5 RES0402 in C:\Users\Господин\OneDrive\Курсовой_электроника\Driver\Principial_scheme.SchDoc with RES0402 from GOST.SchLib
Replace Symbol from R6 RES0402 in C:\Users\Господин\OneDrive\Курсовой_электроника\Driver\Principial_scheme.SchDoc with RES0402 from GOST.SchLib
Replace Symbol from R7 RES0402 in C:\Users\Господин\OneDrive\Курсовой_электроника\Driver\Principial_scheme.SchDoc with RES0402 from GOST.SchLib
Replace Symbol from R8 RES0402 in C:\Users\Господин\OneDrive\Курсовой_электроника\Driver\Principial_scheme.SchDoc with RES0402 from GOST.SchLib
Replace Symbol from R9 RES0402 in C:\Users\Господин\OneDrive\Курсовой_электроника\Driver\Principial_scheme.SchDoc with RES0402 from GOST.SchLib
Replace Symbol from R10 RES0402 in C:\Users\Господин\OneDrive\Курсовой_электроника\Driver\Principial_scheme.SchDoc with RES0402 from GOST.SchLib
Replace Symbol from R11 RES0603 in C:\Users\Господин\OneDrive\Курсовой_электроника\Driver\Principial_scheme.SchDoc with RES0603 from GOST.SchLib
Replace Symbol from R12 RES0402 in C:\Users\Господин\OneDrive\Курсовой_электроника\Driver\Principial_scheme.SchDoc with RES0402 from GOST.SchLib
Replace Symbol from R13 RES2512 in C:\Users\Господин\OneDrive\Курсовой_электроника\Driver\Principial_scheme.SchDoc with RES2512 from GOST.SchLib
Replace Symbol from R14 RES2512 in C:\Users\Господин\OneDrive\Курсовой_электроника\Driver\Principial_scheme.SchDoc with RES2512 from GOST.SchLib
Replace Symbol from R15 RES2512 in C:\Users\Господин\OneDrive\Курсовой_электроника\Driver\Principial_scheme.SchDoc with RES2512 from GOST.SchLib
Replace Symbol from R16 RES2512 in C:\Users\Господин\OneDrive\Курсовой_электроника\Driver\Principial_scheme.SchDoc with RES2512 from GOST.SchLib
Replace Symbol from R17 RES2512 in C:\Users\Господин\OneDrive\Курсовой_электроника\Driver\Principial_scheme.SchDoc with RES2512 from GOST.SchLib
Replace Symbol from R18 RES2512 in C:\Users\Господин\OneDrive\Курсовой_электроника\Driver\Principial_scheme.SchDoc with RES2512 from GOST.SchLib
Replace Symbol from R19 RES2512 in C:\Users\Господин\OneDrive\Курсовой_электроника\Driver\Principial_scheme.SchDoc with RES2512 from GOST.SchLib
Replace Symbol from R20 RES0402 in C:\Users\Господин\OneDrive\Курсовой_электроника\Driver\Principial_scheme.SchDoc with RES0402 from GOST.SchLib
Replace Symbol from R21 RES0402 in C:\Users\Господин\OneDrive\Курсовой_электроника\Driver\Principial_scheme.SchDoc with RES0402 from GOST.SchLib
Replace Symbol from R22 RES0402 in C:\Users\Господин\OneDrive\Курсовой_электроника\Driver\Principial_scheme.SchDoc with RES0402 from GOST.SchLib
Replace Symbol from VD1 DIODE in C:\Users\Господин\OneDrive\Курсовой_электроника\Driver\Principial_scheme.SchDoc with DIODE from GOST.SchLib
Replace Symbol from VD2 DIODE in C:\Users\Господин\OneDrive\Курсовой_электроника\Driver\Principial_scheme.SchDoc with DIODE from GOST.SchLib
Replace Symbol from VD3 DIODE in C:\Users\Господин\OneDrive\Курсовой_электроника\Driver\Principial_scheme.SchDoc with DIODE from GOST.SchLib
Replace Symbol from VT1 MOSFET in C:\Users\Господин\OneDrive\Курсовой_электроника\Driver\Principial_scheme.SchDoc with MOSFET from GOST.SchLib
Replace Symbol from VT2 MOSFET in C:\Users\Господин\OneDrive\Курсовой_электроника\Driver\Principial_scheme.SchDoc with MOSFET from GOST.SchLib
Replace Symbol from VT3 MOSFET in C:\Users\Господин\OneDrive\Курсовой_электроника\Driver\Principial_scheme.SchDoc with MOSFET from GOST.SchLib
Replace Symbol from VT4 MOSFET in C:\Users\Господин\OneDrive\Курсовой_электроника\Driver\Principial_scheme.SchDoc with MOSFET from GOST.SchLib
Replace Symbol from VT5 MOSFET in C:\Users\Господин\OneDrive\Курсовой_электроника\Driver\Principial_scheme.SchDoc with MOSFET from GOST.SchLib
Replace Symbol from VT6 MOSFET in C:\Users\Господин\OneDrive\Курсовой_электроника\Driver\Principial_scheme.SchDoc with MOSFET from GOST.SchLib
Replace Symbol from XP1 SWDIO_CONNECTOR in C:\Users\Господин\OneDrive\Курсовой_электроника\Driver\Principial_scheme.SchDoc with SWDIO_CONNECTOR from GOST.SchLib
Replace Symbol from XP2 UART_CONNECTOR in C:\Users\Господин\OneDrive\Курсовой_электроника\Driver\Principial_scheme.SchDoc with UART_CONNECTOR from GOST.SchLib
Replace Symbol from XP3 HALL_CONNECTOR in C:\Users\Господин\OneDrive\Курсовой_электроника\Driver\Principial_scheme.SchDoc with HALL_CONNECTOR from GOST.SchLib
Replace Symbol from XP4 BOOT0_CONNECTOR in C:\Users\Господин\OneDrive\Курсовой_электроника\Driver\Principial_scheme.SchDoc with BOOT0_CONNECTOR from GOST.SchLib
Replace Symbol from XP5 RESET_CONNECTOR in C:\Users\Господин\OneDrive\Курсовой_электроника\Driver\Principial_scheme.SchDoc with RESET_CONNECTOR from GOST.SchLib
Replace Symbol from XT1 POWER_CONNECTOR in C:\Users\Господин\OneDrive\Курсовой_электроника\Driver\Principial_scheme.SchDoc with POWER_CONNECTOR from GOST.SchLib
Replace Symbol from XT2 PHASE_CONNECTOR in C:\Users\Господин\OneDrive\Курсовой_электроника\Driver\Principial_scheme.SchDoc with PHASE_CONNECTOR from GOST.SchLib
Replace Symbol from С1 CAP1206 in C:\Users\Господин\OneDrive\Курсовой_электроника\Driver\Principial_scheme.SchDoc with CAP1206 from GOST.SchLib
Replace Symbol from С2 CAP1206 in C:\Users\Господин\OneDrive\Курсовой_электроника\Driver\Principial_scheme.SchDoc with CAP1206 from GOST.SchLib
Replace Symbol from С3 CAP0805 in C:\Users\Господин\OneDrive\Курсовой_электроника\Driver\Principial_scheme.SchDoc with CAP0805 from GOST.SchLib
Replace Symbol from С4 CAP0603 in C:\Users\Господин\OneDrive\Курсовой_электроника\Driver\Principial_scheme.SchDoc with CAP0603 from GOST.SchLib
Replace Symbol from С5 CAP0603 in C:\Users\Господин\OneDrive\Курсовой_электроника\Driver\Principial_scheme.SchDoc with CAP0603 from GOST.SchLib
Replace Symbol from С6 CAP0603 in C:\Users\Господин\OneDrive\Курсовой_электроника\Driver\Principial_scheme.SchDoc with CAP0603 from GOST.SchLib
Replace Symbol from С7 CAP0402 in C:\Users\Господин\OneDrive\Курсовой_электроника\Driver\Principial_scheme.SchDoc with CAP0402 from GOST.SchLib
Replace Symbol from С8 CAP0402 in C:\Users\Господин\OneDrive\Курсовой_электроника\Driver\Principial_scheme.SchDoc with CAP0402 from GOST.SchLib
Replace Symbol from С9 CAP0603 in C:\Users\Господин\OneDrive\Курсовой_электроника\Driver\Principial_scheme.SchDoc with CAP0603 from GOST.SchLib
Replace Symbol from С10 CAP0603 in C:\Users\Господин\OneDrive\Курсовой_электроника\Driver\Principial_scheme.SchDoc with CAP0603 from GOST.SchLib
Replace Symbol from С11 CAP0603 in C:\Users\Господин\OneDrive\Курсовой_электроника\Driver\Principial_scheme.SchDoc with CAP0603 from GOST.SchLib
Replace Symbol from С12 CAP0402 in C:\Users\Господин\OneDrive\Курсовой_электроника\Driver\Principial_scheme.SchDoc with CAP0402 from GOST.SchLib
Replace Symbol from С13 CAP0805 in C:\Users\Господин\OneDrive\Курсовой_электроника\Driver\Principial_scheme.SchDoc with CAP0805 from GOST.SchLib
Replace Symbol from С14 CAP0603 in C:\Users\Господин\OneDrive\Курсовой_электроника\Driver\Principial_scheme.SchDoc with CAP0603 from GOST.SchLib
Replace Symbol from С15 CAPD4 in C:\Users\Господин\OneDrive\Курсовой_электроника\Driver\Principial_scheme.SchDoc with CAPD4 from GOST.SchLib
Replace Symbol from С16 CAP0603 in C:\Users\Господин\OneDrive\Курсовой_электроника\Driver\Principial_scheme.SchDoc with CAP0603 from GOST.SchLib
Replace Symbol from С17 CAP0603 in C:\Users\Господин\OneDrive\Курсовой_электроника\Driver\Principial_scheme.SchDoc with CAP0603 from GOST.SchLib
Replace Symbol from С18 CAPD4 in C:\Users\Господин\OneDrive\Курсовой_электроника\Driver\Principial_scheme.SchDoc with CAPD4 from GOST.SchLib
Replace Symbol from С19 CAP0603 in C:\Users\Господин\OneDrive\Курсовой_электроника\Driver\Principial_scheme.SchDoc with CAP0603 from GOST.SchLib
Replace Symbol from С20 CAP0603 in C:\Users\Господин\OneDrive\Курсовой_электроника\Driver\Principial_scheme.SchDoc with CAP0603 from GOST.SchLib
Replace Symbol from С21 CAP0603 in C:\Users\Господин\OneDrive\Курсовой_электроника\Driver\Principial_scheme.SchDoc with CAP0603 from GOST.SchLib
Replace Symbol from С22 CAPD4 in C:\Users\Господин\OneDrive\Курсовой_электроника\Driver\Principial_scheme.SchDoc with CAPD4 from GOST.SchLib
Replace Symbol from С23 CAPD4 in C:\Users\Господин\OneDrive\Курсовой_электроника\Driver\Principial_scheme.SchDoc with CAPD4 from GOST.SchLib
Replace Symbol from С24 CAPD4 in C:\Users\Господин\OneDrive\Курсовой_электроника\Driver\Principial_scheme.SchDoc with CAPD4 from GOST.SchLib
Replace Symbol from С25 CAP0805 in C:\Users\Господин\OneDrive\Курсовой_электроника\Driver\Principial_scheme.SchDoc with CAP0805 from GOST.SchLib
